2026-05-20 14:42:44,282 INFO === Relatório de Corte — 19/05/2026 ===
2026-05-20 14:42:54,419 INFO Manta Arealva : 25 registros | 11864 peças
2026-05-20 14:42:54,420 INFO Manta Iacanga : 25 registros | 18671 peças
2026-05-20 14:42:54,420 INFO Lençol Arealva: 0 registros | 0 peças
2026-05-20 14:42:58,455 INFO E-mail enviado para erickviniciusvas@gmail.com
2026-05-20 14:42:58,455 INFO Concluído.
2026-05-20 14:50:59,206 INFO === Relatório de Corte — 19/05/2026 ===
2026-05-20 14:51:02,074 INFO Colunas Manta Arealva: ['UNNAMED: 0', 'DATA', 'OP', 'ESTAA\x87A\x83O DE CORTE', 'COR', 'QUANTIDADE', 'TAMANHO', 'PRODUTO', 'OBSERVAA\x87A\x83O', 'COLUNA1']
2026-05-20 14:51:05,449 INFO Colunas Manta Iacanga: ['UNNAMED: 0', 'DATA', 'OP', 'CLIENTE', 'PEA\x87AS OP', 'KG OP', 'ESTAA\x87A\x83O DE CORTE', 'PRODUTO', 'TAMANHO', 'COR', 'QUANTIDADE', 'META DIA\x81RIA', 'DIFERENA\x87A META / PRODUZIDO', 'QUEBRA TECIDO (KG)', 'QUEBRA TECIDO (%)', 'APROVEITAMENTO (%)', 'OBSERVAA\x87A\x83O']
2026-05-20 14:51:09,148 INFO Manta Arealva : 25 registros | 11864 peças
2026-05-20 14:51:09,149 INFO Manta Iacanga : 25 registros | 18671 peças
2026-05-20 14:51:09,149 INFO Lençol Arealva: 0 registros | 0 peças
2026-05-20 14:51:13,251 INFO E-mail enviado para erickviniciusvas@gmail.com
2026-05-20 14:51:13,252 INFO Concluído.
2026-05-20 14:53:42,326 INFO === Relatório de Corte — 19/05/2026 ===
2026-05-20 14:53:45,107 INFO Manta Arealva — estacao_col=ESTAÇÃO DE CORTE
2026-05-20 14:53:47,633 INFO Manta Iacanga — estacao_col=ESTAÇÃO DE CORTE
2026-05-20 14:53:50,054 INFO Manta Arealva : 25 registros | 11864 peças
2026-05-20 14:53:50,055 INFO Manta Iacanga : 25 registros | 18671 peças
2026-05-20 14:53:50,056 INFO Lençol Arealva: 0 registros | 0 peças
2026-05-20 14:53:53,822 INFO E-mail enviado para erickviniciusvas@gmail.com
2026-05-20 14:53:53,823 INFO Concluído.
2026-05-20 15:01:11,275 INFO === Relatório de Corte — 19/05/2026 ===
2026-05-20 15:01:19,885 INFO Manta Arealva : 25 registros | 11864 peças
2026-05-20 15:01:19,886 INFO Manta Iacanga : 25 registros | 18671 peças
2026-05-20 15:01:19,886 INFO Lençol Arealva: 0 registros | 0 peças
2026-05-20 15:01:24,403 INFO E-mail enviado para erickviniciusvas@gmail.com
2026-05-20 15:01:24,404 INFO Concluído.
2026-05-20 15:22:53,491 INFO === Relatório de Corte — 19/05/2026 ===
2026-05-20 15:23:01,814 INFO Manta Arealva : 25 registros | 11864 peças
2026-05-20 15:23:01,814 INFO Manta Iacanga : 25 registros | 18671 peças
2026-05-20 15:23:01,814 INFO Lençol Arealva: 0 registros | 0 peças
2026-05-20 15:23:05,788 INFO E-mail enviado para erickviniciusvas@gmail.com (anexo: relatorio_corte_19-05-2026.html)
2026-05-20 15:23:05,788 INFO Concluído.
2026-05-20 15:42:18,396 INFO === Relatório de Corte — 19/05/2026 ===
2026-05-20 15:42:34,251 INFO Manta Arealva : 25 registros | 11864 peças
2026-05-20 15:42:34,251 INFO Manta Iacanga : 25 registros | 18671 peças
2026-05-20 15:42:34,251 INFO Lençol Arealva: 0 registros | 0 peças
2026-05-20 15:42:34,251 INFO Gerando PDF...
2026-05-20 15:42:54,997 INFO E-mail enviado para erickviniciusvas@gmail.com (anexo: relatorio_corte_19-05-2026.pdf)
2026-05-20 15:42:54,997 INFO Concluído.
2026-05-20 16:26:51,029 INFO === Relatório de Corte — 19/05/2026 ===
2026-05-20 16:27:04,469 INFO Manta Arealva : 25 registros | 11864 peças
2026-05-20 16:27:04,469 INFO Manta Iacanga : 30 registros | 18671 peças
2026-05-20 16:27:04,469 INFO Lençol Arealva: 0 registros | 0 peças
2026-05-20 16:27:04,470 INFO Gerando PDF diario...
2026-05-20 16:27:05,985 INFO Gerando PDF consolidado (dia + mes + historico)...
2026-05-20 16:27:10,759 INFO E-mail enviado para lcc@horusconsulting.com.br (relatorio_corte_19-05-2026.pdf + relatorio_consolidado_19-05-2026.pdf)
2026-05-20 16:27:10,760 INFO Concluído.
2026-05-20 16:28:50,224 INFO === Relatório de Corte — 19/05/2026 ===
2026-05-20 16:29:20,655 WARNING Falha https://docs.google.com/spreadsheets/d/1iGj4-vknwzepbrHdRz1P: HTTPSConnectionPool(host='docs.google.com', port=443): Read timed out. (read timeout=30)
2026-05-20 16:29:26,489 INFO Manta Arealva : 25 registros | 11864 peças
2026-05-20 16:29:26,492 INFO Manta Iacanga : 30 registros | 18671 peças
2026-05-20 16:29:26,493 INFO Lençol Arealva: 0 registros | 0 peças
2026-05-20 16:29:26,493 INFO Gerando PDF diario...
2026-05-20 16:29:29,577 INFO Gerando PDF consolidado (dia + mes + historico)...
2026-05-20 16:29:35,320 INFO E-mail enviado para ['erickviniciusvas@gmail.com', 'lcc@horusconsulting.com.br'] (relatorio_corte_19-05-2026.pdf + relatorio_consolidado_19-05-2026.pdf)
2026-05-20 16:29:35,320 INFO Concluído.
2026-05-20 16:40:59,946 INFO === Relatório de Corte — 19/05/2026 ===
2026-05-20 16:41:09,633 INFO Manta Arealva : 25 registros | 11864 peças
2026-05-20 16:41:09,633 INFO Manta Iacanga : 30 registros | 18671 peças
2026-05-20 16:41:09,634 INFO Lençol Arealva: 0 registros | 0 peças
2026-05-20 16:41:09,634 INFO Gerando PDF diario...
2026-05-20 16:41:11,431 INFO Gerando PDF consolidado (dia + mes + historico)...
2026-05-20 16:41:16,506 INFO E-mail enviado para ['erickviniciusvas@gmail.com', 'lcc@horusconsulting.com.br'] (relatorio_corte_19-05-2026.pdf + relatorio_consolidado_19-05-2026.pdf)
2026-05-20 16:41:16,507 INFO Concluído.
2026-05-20 17:18:46,473 ERROR Não foi possível baixar Lençol Arealva.
2026-05-20 17:20:54,044 INFO === Relatório de Corte — 19/05/2026 ===
2026-05-20 17:20:59,973 INFO Manta Arealva : 25 registros | 11864 peças
2026-05-20 17:20:59,974 INFO Manta Iacanga : 30 registros | 18671 peças
2026-05-20 17:20:59,974 INFO Lençol Arealva: 6 registros | 31652 peças
2026-05-20 17:20:59,974 INFO Gerando PDF diario...
2026-05-20 17:21:02,512 INFO Gerando PDF consolidado (dia + mes + historico)...
2026-05-20 17:21:08,822 INFO E-mail enviado para ['erickviniciusvas@gmail.com', 'lcc@horusconsulting.com.br'] (relatorio_corte_19-05-2026.pdf + relatorio_consolidado_19-05-2026.pdf)
2026-05-20 17:21:08,822 INFO Concluído.
2026-05-21 10:18:46,959 INFO === Relatório de Corte — 20/05/2026 ===
2026-05-21 10:18:55,154 INFO Manta Arealva : 32 registros | 10633 peças
2026-05-21 10:18:55,154 INFO Manta Iacanga : 24 registros | 17779 peças
2026-05-21 10:18:55,154 INFO Lençol Arealva: 8 registros | 48781 peças
2026-05-21 10:18:55,155 INFO Gerando PDF diario...
2026-05-21 10:18:58,032 INFO Gerando PDF consolidado (dia + mes + historico)...
2026-05-21 10:19:04,724 INFO E-mail enviado para ['erickviniciusvas@gmail.com', 'lcc@horusconsulting.com.br'] (relatorio_corte_20-05-2026.pdf + relatorio_consolidado_20-05-2026.pdf)
2026-05-21 10:19:04,724 INFO Concluído.
2026-05-21 10:29:10,551 INFO === Relatório de Corte — 20/05/2026 ===
2026-05-21 10:29:18,085 INFO Manta Arealva : 32 registros | 10633 peças
2026-05-21 10:29:18,086 INFO Manta Iacanga : 24 registros | 17779 peças
2026-05-21 10:29:18,086 INFO Lençol Arealva: 8 registros | 48781 peças
2026-05-21 10:29:18,086 INFO Gerando PDF diario...
2026-05-21 10:29:20,749 INFO Gerando PDF consolidado (dia + mes + historico)...
2026-05-21 10:29:26,947 INFO E-mail enviado para ['erickviniciusvas@gmail.com', 'lcc@horusconsulting.com.br'] (relatorio_corte_20-05-2026.pdf + relatorio_consolidado_20-05-2026.pdf)
2026-05-21 10:29:26,947 INFO Concluído.
2026-05-22 12:27:42,659 INFO === Relatório de Corte — 21/05/2026 ===
2026-05-22 12:27:53,325 INFO Manta Arealva : 26 registros | 10766 peças
2026-05-22 12:27:53,325 INFO Manta Iacanga : 22 registros | 15051 peças
2026-05-22 12:27:53,326 INFO Lençol Arealva: 5 registros | 23908 peças
2026-05-22 12:27:53,326 INFO Gerando PDF diario...
2026-05-22 12:27:56,513 INFO Gerando PDF consolidado (dia + mes + historico)...
2026-05-22 12:28:02,422 INFO E-mail enviado para ['erickviniciusvas@gmail.com', 'lcc@horusconsulting.com.br'] (relatorio_corte_21-05-2026.pdf + relatorio_consolidado_21-05-2026.pdf)
2026-05-22 12:28:02,422 INFO Concluído.
2026-05-25 10:00:07,718 INFO === Relatório de Corte — 24/05/2026 ===
2026-05-25 10:00:13,899 INFO Manta Arealva : 0 registros | 0 peças
2026-05-25 10:00:13,899 INFO Manta Iacanga : 0 registros | 0 peças
2026-05-25 10:00:13,900 INFO Lençol Arealva: 0 registros | 0 peças
2026-05-25 10:00:13,900 INFO Gerando PDF diario...
2026-05-25 10:00:16,275 INFO Gerando PDF consolidado (dia + mes + historico)...
